<?xml version="1.0" encoding="UTF-8"?>
<!-- Generated by org.testng.reporters.JUnitXMLReporter -->
<testsuite ignored="1" hostname="OSWEUCXD1327" failures="1" tests="1" name="ErrorValidations Test" time="6.722" errors="0" timestamp="2024-11-28T14:08:57 IST">
  <testcase classname="HCLTech.tests.ErrorValidations" name="loginErrorValidations" time="1.185">
    <failure type="java.lang.AssertionError" message="expected [Incorrect email or password.] but found [Incorrect email password.]">
      <![CDATA[java.lang.AssertionError: expected [Incorrect email or password.] but found [Incorrect email password.]
at HCLTech.tests.ErrorValidations.loginErrorValidations(ErrorValidations.java:21)
at java.base/java.util.ArrayList.forEach(ArrayList.java:1597)
at java.base/java.util.concurrent.FutureTask.run(FutureTask.java:317)
at java.base/java.util.concurrent.ThreadPoolExecutor.runWorker(ThreadPoolExecutor.java:1144)
at java.base/java.util.concurrent.ThreadPoolExecutor$Worker.run(ThreadPoolExecutor.java:642)
at java.base/java.lang.Thread.run(Thread.java:1575)
... Removed 21 stack frames]]>
    </failure>
  </testcase> <!-- loginErrorValidations -->
  <testcase classname="HCLTech.tests.ErrorValidations" name="productErrorValidations" time="0.0">
    <ignored/>
  </testcase> <!-- productErrorValidations -->
</testsuite> <!-- ErrorValidations Test -->
