<?xml version="1.0" encoding="UTF-8"?>
<!-- Generated by org.testng.reporters.JUnitReportReporter -->
<testsuite hostname="OSWEUCXD1327" failures="0" tests="1" name="cucumber.TestNGTestRunner" time="0.579" errors="1" timestamp="2024-12-02T17:15:28 IST" skipped="0">
  <testcase classname="cucumber.TestNGTestRunner" name="setUpClass" time="0.579">
    <error message="Failed to parse resource at: file:///C:/Users/extrayad/eclipse-workspace/Pandora_Integration/src/test/java/cucumber/SubmitOrder.feature
(3:1): expected: #EOF, #Language, #TagLine, #FeatureLine, #Comment, #Empty, got &#039;Background:&#039;
(4:1): expected: #EOF, #Language, #TagLine, #FeatureLine, #Comment, #Empty, got &#039;Given I landed on Ecommerce page&#039;
(7:3): expected: #TagLine, #FeatureLine, #Comment, #Empty, got &#039;Scenario Outline: Positive test of submitting the order.&#039;
(8:5): expected: #TagLine, #FeatureLine, #Comment, #Empty, got &#039;Given Logged in with username &lt;name&gt; and password &lt;password&gt;&#039;
(9:5): expected: #TagLine, #FeatureLine, #Comment, #Empty, got &#039;When I add product &lt;productName&gt; to cart&#039;
(10:5): expected: #TagLine, #FeatureLine, #Comment, #Empty, got &#039;And checkout &lt;productName&gt; and submit the order&#039;
(11:5): expected: #TagLine, #FeatureLine, #Comment, #Empty, got &#039;Then &quot;Thankyou for the order.&quot; message is displayed on confirmationPage&#039;
(13:5): expected: #TagLine, #FeatureLine, #Comment, #Empty, got &#039;Examples:&#039;
(14:7): expected: #TagLine, #FeatureLine, #Comment, #Empty, got &#039;| name          | password    | productName |&#039;
(15:7): expected: #TagLine, #FeatureLine, #Comment, #Empty, got &#039;| rny@gmail.com | Learning@24 | ZARA COAT 3 |&#039;
(19:0): unexpected end of file, expected: #TagLine, #FeatureLine, #Comment, #Empty" type="io.cucumber.core.gherkin.FeatureParserException">
      <![CDATA[io.cucumber.core.gherkin.FeatureParserException: Failed to parse resource at: file:///C:/Users/extrayad/eclipse-workspace/Pandora_Integration/src/test/java/cucumber/SubmitOrder.feature
(3:1): expected: #EOF, #Language, #TagLine, #FeatureLine, #Comment, #Empty, got 'Background:'
(4:1): expected: #EOF, #Language, #TagLine, #FeatureLine, #Comment, #Empty, got 'Given I landed on Ecommerce page'
(7:3): expected: #TagLine, #FeatureLine, #Comment, #Empty, got 'Scenario Outline: Positive test of submitting the order.'
(8:5): expected: #TagLine, #FeatureLine, #Comment, #Empty, got 'Given Logged in with username <name> and password <password>'
(9:5): expected: #TagLine, #FeatureLine, #Comment, #Empty, got 'When I add product <productName> to cart'
(10:5): expected: #TagLine, #FeatureLine, #Comment, #Empty, got 'And checkout <productName> and submit the order'
(11:5): expected: #TagLine, #FeatureLine, #Comment, #Empty, got 'Then "Thankyou for the order." message is displayed on confirmationPage'
(13:5): expected: #TagLine, #FeatureLine, #Comment, #Empty, got 'Examples:'
(14:7): expected: #TagLine, #FeatureLine, #Comment, #Empty, got '| name          | password    | productName |'
(15:7): expected: #TagLine, #FeatureLine, #Comment, #Empty, got '| rny@gmail.com | Learning@24 | ZARA COAT 3 |'
(19:0): unexpected end of file, expected: #TagLine, #FeatureLine, #Comment, #Empty
at io.cucumber.core.gherkin.messages.GherkinMessagesFeatureParser.parse(GherkinMessagesFeatureParser.java:56)
at io.cucumber.core.feature.FeatureParser.parseResource(FeatureParser.java:46)
at java.base/java.util.function.BiFunction.lambda$andThen$0(BiFunction.java:70)
at io.cucumber.core.resource.ResourceScanner.lambda$processResource$1(ResourceScanner.java:79)
at io.cucumber.core.resource.PathScanner$ResourceFileVisitor.visitFile(PathScanner.java:75)
at io.cucumber.core.resource.PathScanner$ResourceFileVisitor.visitFile(PathScanner.java:60)
at java.base/java.nio.file.Files.walkFileTree(Files.java:2810)
at io.cucumber.core.resource.PathScanner.findResourcesForPath(PathScanner.java:53)
at io.cucumber.core.resource.PathScanner.findResourcesForUri(PathScanner.java:31)
at io.cucumber.core.resource.ResourceScanner.findResourcesForUri(ResourceScanner.java:61)
at io.cucumber.core.resource.ResourceScanner.scanForResourcesUri(ResourceScanner.java:134)
at io.cucumber.core.runtime.FeaturePathFeatureSupplier.loadFeatures(FeaturePathFeatureSupplier.java:62)
at io.cucumber.core.runtime.FeaturePathFeatureSupplier.get(FeaturePathFeatureSupplier.java:45)
at io.cucumber.testng.TestNGCucumberRunner.<init>(TestNGCucumberRunner.java:125)
at io.cucumber.testng.AbstractTestNGCucumberTests.setUpClass(AbstractTestNGCucumberTests.java:27)
at java.base/jdk.internal.reflect.DirectMethodHandleAccessor.invoke(DirectMethodHandleAccessor.java:103)
at java.base/java.lang.reflect.Method.invoke(Method.java:580)
at org.testng.internal.invokers.MethodInvocationHelper.invokeMethod(MethodInvocationHelper.java:141)
at org.testng.internal.invokers.MethodInvocationHelper.invokeMethodConsideringTimeout(MethodInvocationHelper.java:71)
at org.testng.internal.invokers.ConfigInvoker.invokeConfigurationMethod(ConfigInvoker.java:400)
at org.testng.internal.invokers.ConfigInvoker.invokeConfigurations(ConfigInvoker.java:333)
at org.testng.internal.invokers.TestMethodWorker.invokeBeforeClassMethods(TestMethodWorker.java:188)
at org.testng.internal.invokers.TestMethodWorker.run(TestMethodWorker.java:128)
at java.base/java.util.ArrayList.forEach(ArrayList.java:1597)
at org.testng.TestRunner.privateRun(TestRunner.java:739)
at org.testng.TestRunner.run(TestRunner.java:614)
at org.testng.SuiteRunner.runTest(SuiteRunner.java:421)
at org.testng.SuiteRunner.runSequentially(SuiteRunner.java:413)
at org.testng.SuiteRunner.privateRun(SuiteRunner.java:373)
at org.testng.SuiteRunner.run(SuiteRunner.java:312)
at org.testng.SuiteRunnerWorker.runSuite(SuiteRunnerWorker.java:52)
at org.testng.SuiteRunnerWorker.run(SuiteRunnerWorker.java:95)
at org.testng.TestNG.runSuitesSequentially(TestNG.java:1274)
at org.testng.TestNG.runSuitesLocally(TestNG.java:1208)
at org.testng.TestNG.runSuites(TestNG.java:1112)
at org.testng.TestNG.run(TestNG.java:1079)
at org.testng.remote.AbstractRemoteTestNG.run(AbstractRemoteTestNG.java:115)
at org.testng.remote.RemoteTestNG.initAndRun(RemoteTestNG.java:293)
at org.testng.remote.RemoteTestNG.main(RemoteTestNG.java:91)
]]>
    </error>
  </testcase> <!-- setUpClass -->
</testsuite> <!-- cucumber.TestNGTestRunner -->
